[INFO ] 2021-11-16 04:50:13.803 [main] MyLogger - INFO: open Browser.
[INFO ] 2021-11-16 04:50:13.806 [main] MyLogger - INFO: start AlertsTest.
[INFO ] 2021-11-16 04:50:14.560 [main] MyLogger - INFO: click linkHome.
[INFO ] 2021-11-16 04:50:14.578 [main] MyLogger - INFO: open Home Page.
[INFO ] 2021-11-16 04:50:14.680 [main] MyLogger - INFO: click btnAlertsWindows.
[INFO ] 2021-11-16 04:50:14.759 [main] MyLogger - INFO: click btnAlerts.
[INFO ] 2021-11-16 04:50:14.771 [main] MyLogger - INFO: open AlertsForm.
[INFO ] 2021-11-16 04:50:14.849 [main] MyLogger - INFO: click btnToSeeAlert.
[INFO ] 2021-11-16 04:50:14.862 [main] MyLogger - INFO: close alert.
[WARN ] 2021-11-16 04:50:25.111 [main] MyLogger - WARN: not open alert.
[INFO ] 2021-11-16 04:50:25.183 [main] MyLogger - INFO: click btnConfirm.
[INFO ] 2021-11-16 04:50:25.192 [main] MyLogger - INFO: close alert.
[WARN ] 2021-11-16 04:50:35.486 [main] MyLogger - WARN: not open alert.
[INFO ] 2021-11-16 04:50:35.574 [main] MyLogger - INFO: click btnPromt.
[INFO ] 2021-11-16 04:50:35.584 [main] MyLogger - INFO: close alert.
[WARN ] 2021-11-16 04:50:45.823 [main] MyLogger - WARN: not open alert.
[INFO ] 2021-11-16 04:50:45.843 [main] MyLogger - INFO: finish AlertsTest.
[INFO ] 2021-11-16 04:50:46.494 [main] MyLogger - INFO: close Browser.
[INFO ] 2021-11-16 04:50:52.200 [main] MyLogger - INFO: open Browser.
[INFO ] 2021-11-16 04:50:52.201 [main] MyLogger - INFO: start SliderAndProgressBarTest.
[INFO ] 2021-11-16 04:50:52.802 [main] MyLogger - INFO: click linkHome.
[INFO ] 2021-11-16 04:50:52.813 [main] MyLogger - INFO: open Home Page.
[INFO ] 2021-11-16 04:50:52.940 [main] MyLogger - INFO: click btnWidgets.
[INFO ] 2021-11-16 04:50:53.016 [main] MyLogger - INFO: click btnSlider.
[INFO ] 2021-11-16 04:50:53.029 [main] MyLogger - INFO: open SliderForm.
[INFO ] 2021-11-16 04:50:53.839 [main] MyLogger - INFO: setValue slider - 48.
[INFO ] 2021-11-16 04:50:53.918 [main] MyLogger - INFO: click btnProgressBar.
[INFO ] 2021-11-16 04:50:53.929 [main] MyLogger - INFO: open ProgressBarForm.
[INFO ] 2021-11-16 04:50:54.001 [main] MyLogger - INFO: click btnStart.
[INFO ] 2021-11-16 04:50:56.041 [main] MyLogger - INFO: click btnStop.
[INFO ] 2021-11-16 04:50:56.054 [main] MyLogger - INFO: finish SliderAndProgressBarTest.
[INFO ] 2021-11-16 04:50:56.658 [main] MyLogger - INFO: close Browser.
[INFO ] 2021-11-16 04:51:02.067 [main] MyLogger - INFO: open Browser.
[INFO ] 2021-11-16 04:51:02.068 [main] MyLogger - INFO: start TablesTest.
[INFO ] 2021-11-16 04:51:02.779 [main] MyLogger - INFO: click linkHome.
[INFO ] 2021-11-16 04:51:02.789 [main] MyLogger - INFO: open Home Page.
[INFO ] 2021-11-16 04:51:02.890 [main] MyLogger - INFO: click btnElements.
[INFO ] 2021-11-16 04:51:03.038 [main] MyLogger - INFO: click btnWebTables.
[INFO ] 2021-11-16 04:51:03.083 [main] MyLogger - INFO: open WebTablesForm.
[INFO ] 2021-11-16 04:51:03.278 [main] MyLogger - INFO: click btnAdd.
[INFO ] 2021-11-16 04:51:03.302 [main] MyLogger - INFO: open RegistrationForm.
[INFO ] 2021-11-16 04:51:03.834 [main] MyLogger - INFO: click btnSubmit.
[INFO ] 2021-11-16 04:51:04.360 [main] MyLogger - INFO: close RegistrationForm.
[INFO ] 2021-11-16 04:51:04.699 [main] MyLogger - INFO: click btnDeleteUser4.
[INFO ] 2021-11-16 04:51:04.770 [main] MyLogger - INFO: finish TablesTest.
[INFO ] 2021-11-16 04:51:05.476 [main] MyLogger - INFO: close Browser.
[INFO ] 2021-11-16 04:51:12.677 [main] MyLogger - INFO: open Browser.
[INFO ] 2021-11-16 04:51:12.677 [main] MyLogger - INFO: start IframeTest.
[INFO ] 2021-11-16 04:51:13.246 [main] MyLogger - INFO: click linkHome.
[INFO ] 2021-11-16 04:51:13.255 [main] MyLogger - INFO: open Home Page.
[INFO ] 2021-11-16 04:51:13.356 [main] MyLogger - INFO: click btnAlertsWindows.
[INFO ] 2021-11-16 04:51:13.423 [main] MyLogger - INFO: click btnNestedFrames.
[INFO ] 2021-11-16 04:51:13.433 [main] MyLogger - INFO: open NestedFramesForm.
[INFO ] 2021-11-16 04:51:13.670 [main] MyLogger - INFO: switch to ParentFrame.
[INFO ] 2021-11-16 04:51:13.752 [main] MyLogger - INFO: switch to ChildFrame.
[INFO ] 2021-11-16 04:51:13.847 [main] MyLogger - INFO: click btnFrames.
[INFO ] 2021-11-16 04:51:13.853 [main] MyLogger - INFO: open FramesForm.
[INFO ] 2021-11-16 04:51:13.893 [main] MyLogger - INFO: switch to TopFrame.
[INFO ] 2021-11-16 04:51:14.043 [main] MyLogger - INFO: switch to BottomFrame.
[INFO ] 2021-11-16 04:51:14.086 [main] MyLogger - INFO: finish IframeTest.
[INFO ] 2021-11-16 04:51:14.691 [main] MyLogger - INFO: close Browser.
[INFO ] 2021-11-16 04:51:21.124 [main] MyLogger - INFO: open Browser.
[INFO ] 2021-11-16 04:51:21.124 [main] MyLogger - INFO: start HandlesTest.
[INFO ] 2021-11-16 04:51:21.667 [main] MyLogger - INFO: click linkHome.
[INFO ] 2021-11-16 04:51:21.678 [main] MyLogger - INFO: open Home Page.
[INFO ] 2021-11-16 04:51:21.766 [main] MyLogger - INFO: click btnAlertsWindows.
[INFO ] 2021-11-16 04:51:21.881 [main] MyLogger - INFO: click btnBrowserWindows.
[INFO ] 2021-11-16 04:51:21.925 [main] MyLogger - INFO: open BrowserWindowsForm.
[INFO ] 2021-11-16 04:51:22.010 [main] MyLogger - INFO: click btnNewTab.
[INFO ] 2021-11-16 04:51:22.228 [main] MyLogger - INFO: open SamplePage.
[INFO ] 2021-11-16 04:51:22.307 [main] MyLogger - INFO: open BrowserWindowsForm.
[INFO ] 2021-11-16 04:51:22.474 [main] MyLogger - INFO: click webTableElements.
[INFO ] 2021-11-16 04:51:23.051 [main] MyLogger - INFO: click btnLinks.
[INFO ] 2021-11-16 04:51:23.063 [main] MyLogger - INFO: open LinksForm.
[INFO ] 2021-11-16 04:51:23.144 [main] MyLogger - INFO: click linkHome.
[INFO ] 2021-11-16 04:51:24.817 [main] MyLogger - INFO: open Home Page.
[INFO ] 2021-11-16 04:51:24.919 [main] MyLogger - INFO: open LinksForm.
[INFO ] 2021-11-16 04:51:24.931 [main] MyLogger - INFO: finish HandlesTest.
[INFO ] 2021-11-16 04:51:25.628 [main] MyLogger - INFO: close Browser.
